<?xml version="1.0" encoding="UTF-8"?>
<coverage generated="1664846712316" clover="3.2.0">
  <project timestamp="1664846712316" name="All files">
    <metrics statements="156" coveredstatements="156" conditionals="36" coveredconditionals="32" methods="56" coveredmethods="56" elements="248" coveredelements="244" complexity="0" loc="156" ncloc="156" packages="4" files="17" classes="17"/>
    <package name="application">
      <metrics statements="46" coveredstatements="46" conditionals="5" coveredconditionals="4" methods="10" coveredmethods="10"/>
      <file name="Checkout.ts" path="/Users/rodrigobranas/development/workspace/branas/t8/cccat8_3/src/application/Checkout.ts">
        <metrics statements="14" coveredstatements="14" conditionals="2" coveredconditionals="2" methods="2" coveredmethods="2"/>
        <line num="2" count="1" type="stmt"/>
        <line num="7" count="1" type="stmt"/>
        <line num="13" count="6" type="stmt"/>
        <line num="14" count="6" type="stmt"/>
        <line num="15" count="6" type="stmt"/>
        <line num="19" count="7" type="stmt"/>
        <line num="20" count="7" type="stmt"/>
        <line num="21" count="7" type="stmt"/>
        <line num="22" count="17" type="stmt"/>
        <line num="23" count="17" type="stmt"/>
        <line num="25" count="7" type="cond" truecount="1" falsecount="0"/>
        <line num="26" count="3" type="stmt"/>
        <line num="27" count="3" type="cond" truecount="1" falsecount="0"/>
        <line num="29" count="7" type="stmt"/>
      </file>
      <file name="GetOrdersByCpf.ts" path="/Users/rodrigobranas/development/workspace/branas/t8/cccat8_3/src/application/GetOrdersByCpf.ts">
        <metrics statements="7" coveredstatements="7" conditionals="0" coveredconditionals="0" methods="2" coveredmethods="2"/>
        <line num="3" count="1" type="stmt"/>
        <line num="5" count="6" type="stmt"/>
        <line num="9" count="6" type="stmt"/>
        <line num="10" count="6" type="stmt"/>
        <line num="11" count="6" type="stmt"/>
        <line num="12" count="7" type="stmt"/>
        <line num="14" count="6" type="stmt"/>
      </file>
      <file name="Preview.ts" path="/Users/rodrigobranas/development/workspace/branas/t8/cccat8_3/src/application/Preview.ts">
        <metrics statements="12" coveredstatements="12" conditionals="2" coveredconditionals="2" methods="2" coveredmethods="2"/>
        <line num="2" count="1" type="stmt"/>
        <line num="5" count="1" type="stmt"/>
        <line num="7" count="2" type="stmt"/>
        <line num="11" count="2" type="stmt"/>
        <line num="12" count="2" type="stmt"/>
        <line num="13" count="6" type="stmt"/>
        <line num="14" count="6" type="stmt"/>
        <line num="16" count="2" type="cond" truecount="1" falsecount="0"/>
        <line num="17" count="1" type="stmt"/>
        <line num="18" count="1" type="cond" truecount="1" falsecount="0"/>
        <line num="20" count="2" type="stmt"/>
        <line num="21" count="2" type="stmt"/>
      </file>
      <file name="SimulateFreight.ts" path="/Users/rodrigobranas/development/workspace/branas/t8/cccat8_3/src/application/SimulateFreight.ts">
        <metrics statements="8" coveredstatements="8" conditionals="0" coveredconditionals="0" methods="2" coveredmethods="2"/>
        <line num="1" count="1" type="stmt"/>
        <line num="4" count="1" type="stmt"/>
        <line num="6" count="1" type="stmt"/>
        <line num="10" count="1" type="stmt"/>
        <line num="11" count="1" type="stmt"/>
        <line num="12" count="1" type="stmt"/>
        <line num="13" count="1" type="stmt"/>
        <line num="15" count="1" type="stmt"/>
      </file>
      <file name="ValidateCoupon.ts" path="/Users/rodrigobranas/development/workspace/branas/t8/cccat8_3/src/application/ValidateCoupon.ts">
        <metrics statements="5" coveredstatements="5" conditionals="1" coveredconditionals="0" methods="2" coveredmethods="2"/>
        <line num="3" count="1" type="stmt"/>
        <line num="5" count="1" type="stmt"/>
        <line num="9" count="1" type="stmt"/>
        <line num="10" count="1" type="cond" truecount="0" falsecount="1"/>
        <line num="11" count="1" type="stmt"/>
      </file>
    </package>
    <package name="domain.entity">
      <metrics statements="82" coveredstatements="82" conditionals="27" coveredconditionals="25" methods="30" coveredmethods="30"/>
      <file name="Coupon.ts" path="/Users/rodrigobranas/development/workspace/branas/t8/cccat8_3/src/domain/entity/Coupon.ts">
        <metrics statements="5" coveredstatements="5" conditionals="5" coveredconditionals="4" methods="3" coveredmethods="3"/>
        <line num="1" count="5" type="stmt"/>
        <line num="3" count="11" type="stmt"/>
        <line num="7" count="11" type="cond" truecount="2" falsecount="0"/>
        <line num="11" count="10" type="cond" truecount="1" falsecount="0"/>
        <line num="12" count="7" type="stmt"/>
      </file>
      <file name="Cpf.ts" path="/Users/rodrigobranas/development/workspace/branas/t8/cccat8_3/src/domain/entity/Cpf.ts">
        <metrics statements="22" coveredstatements="22" conditionals="7" coveredconditionals="6" methods="8" coveredmethods="8"/>
        <line num="1" count="4" type="stmt"/>
        <line num="3" count="27" type="stmt"/>
        <line num="4" count="27" type="cond" truecount="1" falsecount="0"/>
        <line num="8" count="27" type="cond" truecount="0" falsecount="1"/>
        <line num="9" count="27" type="stmt"/>
        <line num="10" count="27" type="cond" truecount="1" falsecount="0"/>
        <line num="11" count="25" type="cond" truecount="1" falsecount="0"/>
        <line num="12" count="21" type="stmt"/>
        <line num="13" count="21" type="stmt"/>
        <line num="14" count="21" type="stmt"/>
        <line num="15" count="21" type="stmt"/>
        <line num="16" count="21" type="stmt"/>
        <line num="20" count="27" type="stmt"/>
        <line num="24" count="27" type="stmt"/>
        <line num="28" count="25" type="stmt"/>
        <line num="29" count="86" type="stmt"/>
        <line num="33" count="21" type="stmt"/>
        <line num="37" count="42" type="stmt"/>
        <line num="38" count="42" type="stmt"/>
        <line num="39" count="462" type="cond" truecount="1" falsecount="0"/>
        <line num="41" count="42" type="stmt"/>
        <line num="42" count="42" type="cond" truecount="2" falsecount="0"/>
      </file>
      <file name="Dimension.ts" path="/Users/rodrigobranas/development/workspace/branas/t8/cccat8_3/src/domain/entity/Dimension.ts">
        <metrics statements="8" coveredstatements="8" conditionals="5" coveredconditionals="5" methods="3" coveredmethods="3"/>
        <line num="1" count="5" type="stmt"/>
        <line num="4" count="8" type="stmt"/>
        <line num="5" count="8" type="stmt"/>
        <line num="6" count="8" type="stmt"/>
        <line num="7" count="8" type="stmt"/>
        <line num="9" count="8" type="cond" truecount="5" falsecount="0"/>
        <line num="13" count="13" type="stmt"/>
        <line num="17" count="6" type="stmt"/>
      </file>
      <file name="FreightCalculator.ts" path="/Users/rodrigobranas/development/workspace/branas/t8/cccat8_3/src/domain/entity/FreightCalculator.ts">
        <metrics statements="6" coveredstatements="6" conditionals="3" coveredconditionals="3" methods="1" coveredmethods="1"/>
        <line num="3" count="5" type="stmt"/>
        <line num="4" count="5" type="stmt"/>
        <line num="5" count="5" type="stmt"/>
        <line num="8" count="41" type="stmt"/>
        <line num="9" count="41" type="cond" truecount="3" falsecount="0"/>
        <line num="10" count="40" type="stmt"/>
      </file>
      <file name="Item.ts" path="/Users/rodrigobranas/development/workspace/branas/t8/cccat8_3/src/domain/entity/Item.ts">
        <metrics statements="9" coveredstatements="9" conditionals="2" coveredconditionals="2" methods="3" coveredmethods="3"/>
        <line num="3" count="5" type="stmt"/>
        <line num="6" count="42" type="stmt"/>
        <line num="7" count="42" type="stmt"/>
        <line num="8" count="42" type="stmt"/>
        <line num="9" count="42" type="stmt"/>
        <line num="14" count="41" type="cond" truecount="1" falsecount="0"/>
        <line num="15" count="6" type="stmt"/>
        <line num="19" count="41" type="cond" truecount="1" falsecount="0"/>
        <line num="20" count="6" type="stmt"/>
      </file>
      <file name="Order.ts" path="/Users/rodrigobranas/development/workspace/branas/t8/cccat8_3/src/domain/entity/Order.ts">
        <metrics statements="22" coveredstatements="22" conditionals="4" coveredconditionals="4" methods="7" coveredmethods="7"/>
        <line num="2" count="3" type="stmt"/>
        <line num="3" count="3" type="stmt"/>
        <line num="5" count="3" type="stmt"/>
        <line num="6" count="3" type="stmt"/>
        <line num="8" count="3" type="stmt"/>
        <line num="12" count="19" type="stmt"/>
        <line num="15" count="19" type="cond" truecount="2" falsecount="0"/>
        <line num="16" count="19" type="stmt"/>
        <line num="17" count="18" type="stmt"/>
        <line num="18" count="18" type="stmt"/>
        <line num="22" count="40" type="cond" truecount="1" falsecount="0"/>
        <line num="23" count="39" type="stmt"/>
        <line num="24" count="38" type="stmt"/>
        <line num="28" count="7" type="stmt"/>
        <line num="32" count="8" type="stmt"/>
        <line num="36" count="15" type="stmt"/>
        <line num="37" count="36" type="stmt"/>
        <line num="38" count="36" type="stmt"/>
        <line num="40" count="15" type="cond" truecount="1" falsecount="0"/>
        <line num="41" count="7" type="stmt"/>
        <line num="43" count="15" type="stmt"/>
        <line num="44" count="15" type="stmt"/>
      </file>
      <file name="OrderCode.ts" path="/Users/rodrigobranas/development/workspace/branas/t8/cccat8_3/src/domain/entity/OrderCode.ts">
        <metrics statements="6" coveredstatements="6" conditionals="0" coveredconditionals="0" methods="3" coveredmethods="3"/>
        <line num="1" count="4" type="stmt"/>
        <line num="4" count="19" type="stmt"/>
        <line num="5" count="19" type="stmt"/>
        <line num="9" count="19" type="stmt"/>
        <line num="10" count="19" type="stmt"/>
        <line num="14" count="9" type="stmt"/>
      </file>
      <file name="OrderItem.ts" path="/Users/rodrigobranas/development/workspace/branas/t8/cccat8_3/src/domain/entity/OrderItem.ts">
        <metrics statements="4" coveredstatements="4" conditionals="1" coveredconditionals="1" methods="2" coveredmethods="2"/>
        <line num="1" count="4" type="stmt"/>
        <line num="3" count="41" type="stmt"/>
        <line num="4" count="41" type="cond" truecount="1" falsecount="0"/>
        <line num="8" count="37" type="stmt"/>
      </file>
    </package>
    <package name="infra.factory">
      <metrics statements="13" coveredstatements="13" conditionals="3" coveredconditionals="3" methods="3" coveredmethods="3"/>
      <file name="MemoryRepositoryFactory.ts" path="/Users/rodrigobranas/development/workspace/branas/t8/cccat8_3/src/infra/factory/MemoryRepositoryFactory.ts">
        <metrics statements="13" coveredstatements="13" conditionals="3" coveredconditionals="3" methods="3" coveredmethods="3"/>
        <line num="5" count="1" type="stmt"/>
        <line num="6" count="1" type="stmt"/>
        <line num="7" count="1" type="stmt"/>
        <line num="9" count="1" type="stmt"/>
        <line num="15" count="12" type="cond" truecount="1" falsecount="0"/>
        <line num="16" count="6" type="stmt"/>
        <line num="18" count="12" type="stmt"/>
        <line num="22" count="9" type="cond" truecount="1" falsecount="0"/>
        <line num="23" count="6" type="stmt"/>
        <line num="25" count="9" type="stmt"/>
        <line num="29" count="12" type="cond" truecount="1" falsecount="0"/>
        <line num="30" count="6" type="stmt"/>
        <line num="32" count="12" type="stmt"/>
      </file>
    </package>
    <package name="infra.repository.memory">
      <metrics statements="15" coveredstatements="15" conditionals="1" coveredconditionals="0" methods="13" coveredmethods="13"/>
      <file name="CouponRepositoryMemory.ts" path="/Users/rodrigobranas/development/workspace/branas/t8/cccat8_3/src/infra/repository/memory/CouponRepositoryMemory.ts">
        <metrics statements="4" coveredstatements="4" conditionals="0" coveredconditionals="0" methods="4" coveredmethods="4"/>
        <line num="4" count="3" type="stmt"/>
        <line num="8" count="9" type="stmt"/>
        <line num="12" count="5" type="stmt"/>
        <line num="16" count="5" type="stmt"/>
      </file>
      <file name="ItemRepositoryMemory.ts" path="/Users/rodrigobranas/development/workspace/branas/t8/cccat8_3/src/infra/repository/memory/ItemRepositoryMemory.ts">
        <metrics statements="6" coveredstatements="6" conditionals="1" coveredconditionals="0" methods="4" coveredmethods="4"/>
        <line num="4" count="3" type="stmt"/>
        <line num="8" count="9" type="stmt"/>
        <line num="12" count="45" type="stmt"/>
        <line num="13" count="24" type="cond" truecount="0" falsecount="1"/>
        <line num="14" count="24" type="stmt"/>
        <line num="18" count="23" type="stmt"/>
      </file>
      <file name="OrderRepositoryMemory.ts" path="/Users/rodrigobranas/development/workspace/branas/t8/cccat8_3/src/infra/repository/memory/OrderRepositoryMemory.ts">
        <metrics statements="5" coveredstatements="5" conditionals="0" coveredconditionals="0" methods="5" coveredmethods="5"/>
        <line num="4" count="1" type="stmt"/>
        <line num="8" count="6" type="stmt"/>
        <line num="11" count="7" type="stmt"/>
        <line num="15" count="7" type="stmt"/>
        <line num="19" count="7" type="stmt"/>
      </file>
    </package>
  </project>
</coverage>
