{"/Users/rodrigobranas/development/workspace/branas/t8/cccat8_3/src/application/Checkout.ts": {"path":"/Users/rodrigobranas/development/workspace/branas/t8/cccat8_3/src/application/Checkout.ts","statementMap":{"0":{"start":{"line":2,"column":0},"end":{"line":2,"column":43}},"1":{"start":{"line":13,"column":2},"end":{"line":13,"column":65}},"2":{"start":{"line":14,"column":2},"end":{"line":14,"column":69}},"3":{"start":{"line":15,"column":2},"end":{"line":15,"column":67}},"4":{"start":{"line":19,"column":23},"end":{"line":19,"column":63}},"5":{"start":{"line":20,"column":16},"end":{"line":20,"column":62}},"6":{"start":{"line":21,"column":2},"end":{"line":24,"column":null}},"7":{"start":{"line":22,"column":16},"end":{"line":22,"column":67}},"8":{"start":{"line":23,"column":3},"end":{"line":23,"column":43}},"9":{"start":{"line":25,"column":2},"end":{"line":28,"column":null}},"10":{"start":{"line":26,"column":18},"end":{"line":26,"column":69}},"11":{"start":{"line":27,"column":3},"end":{"line":27,"column":39}},"12":{"start":{"line":27,"column":15},"end":{"line":27,"column":39}},"13":{"start":{"line":29,"column":2},"end":{"line":29,"column":41}},"14":{"start":{"line":7,"column":0},"end":{"line":7,"column":21}}},"fnMap":{"0":{"name":"(anonymous_8)","decl":{"start":{"line":12,"column":1},"end":{"line":12,"column":14}},"loc":{"start":{"line":12,"column":50},"end":{"line":16,"column":2}}},"1":{"name":"(anonymous_9)","decl":{"start":{"line":18,"column":7},"end":{"line":18,"column":14}},"loc":{"start":{"line":18,"column":28},"end":{"line":30,"column":null}}}},"branchMap":{"0":{"loc":{"start":{"line":25,"column":2},"end":{"line":28,"column":null}},"type":"if","locations":[{"start":{"line":25,"column":2},"end":{"line":28,"column":null}}]},"1":{"loc":{"start":{"line":27,"column":3},"end":{"line":27,"column":39}},"type":"if","locations":[{"start":{"line":27,"column":3},"end":{"line":27,"column":39}}]}},"s":{"0":1,"1":6,"2":6,"3":6,"4":7,"5":7,"6":7,"7":17,"8":17,"9":7,"10":3,"11":3,"12":3,"13":7,"14":1},"f":{"0":6,"1":7},"b":{"0":[3],"1":[3]}}
,"/Users/rodrigobranas/development/workspace/branas/t8/cccat8_3/src/application/GetOrdersByCpf.ts": {"path":"/Users/rodrigobranas/development/workspace/branas/t8/cccat8_3/src/application/GetOrdersByCpf.ts","statementMap":{"0":{"start":{"line":5,"column":23},"end":{"line":5,"column":55}},"1":{"start":{"line":9,"column":17},"end":{"line":9,"column":19}},"2":{"start":{"line":10,"column":17},"end":{"line":10,"column":57}},"3":{"start":{"line":11,"column":2},"end":{"line":13,"column":null}},"4":{"start":{"line":12,"column":3},"end":{"line":12,"column":67}},"5":{"start":{"line":14,"column":2},"end":{"line":14,"column":16}},"6":{"start":{"line":3,"column":0},"end":{"line":3,"column":21}}},"fnMap":{"0":{"name":"(anonymous_7)","decl":{"start":{"line":5,"column":1},"end":{"line":5,"column":23}},"loc":{"start":{"line":5,"column":55},"end":{"line":6,"column":2}}},"1":{"name":"(anonymous_8)","decl":{"start":{"line":8,"column":7},"end":{"line":8,"column":14}},"loc":{"start":{"line":8,"column":27},"end":{"line":15,"column":null}}}},"branchMap":{},"s":{"0":6,"1":6,"2":6,"3":6,"4":7,"5":6,"6":1},"f":{"0":6,"1":6},"b":{}}
,"/Users/rodrigobranas/development/workspace/branas/t8/cccat8_3/src/application/Preview.ts": {"path":"/Users/rodrigobranas/development/workspace/branas/t8/cccat8_3/src/application/Preview.ts","statementMap":{"0":{"start":{"line":2,"column":0},"end":{"line":2,"column":43}},"1":{"start":{"line":7,"column":23},"end":{"line":7,"column":53}},"2":{"start":{"line":7,"column":64},"end":{"line":7,"column":98}},"3":{"start":{"line":11,"column":16},"end":{"line":11,"column":48}},"4":{"start":{"line":12,"column":2},"end":{"line":15,"column":null}},"5":{"start":{"line":13,"column":16},"end":{"line":13,"column":67}},"6":{"start":{"line":14,"column":3},"end":{"line":14,"column":43}},"7":{"start":{"line":16,"column":2},"end":{"line":19,"column":null}},"8":{"start":{"line":17,"column":18},"end":{"line":17,"column":69}},"9":{"start":{"line":18,"column":3},"end":{"line":18,"column":39}},"10":{"start":{"line":18,"column":15},"end":{"line":18,"column":39}},"11":{"start":{"line":20,"column":16},"end":{"line":20,"column":32}},"12":{"start":{"line":21,"column":2},"end":{"line":21,"column":15}},"13":{"start":{"line":5,"column":0},"end":{"line":5,"column":21}}},"fnMap":{"0":{"name":"(anonymous_8)","decl":{"start":{"line":7,"column":1},"end":{"line":7,"column":23}},"loc":{"start":{"line":7,"column":98},"end":{"line":8,"column":2}}},"1":{"name":"(anonymous_9)","decl":{"start":{"line":10,"column":7},"end":{"line":10,"column":14}},"loc":{"start":{"line":10,"column":28},"end":{"line":22,"column":null}}}},"branchMap":{"0":{"loc":{"start":{"line":16,"column":2},"end":{"line":19,"column":null}},"type":"if","locations":[{"start":{"line":16,"column":2},"end":{"line":19,"column":null}}]},"1":{"loc":{"start":{"line":18,"column":3},"end":{"line":18,"column":39}},"type":"if","locations":[{"start":{"line":18,"column":3},"end":{"line":18,"column":39}}]}},"s":{"0":1,"1":2,"2":2,"3":2,"4":2,"5":6,"6":6,"7":2,"8":1,"9":1,"10":1,"11":2,"12":2,"13":1},"f":{"0":2,"1":2},"b":{"0":[1],"1":[1]}}
,"/Users/rodrigobranas/development/workspace/branas/t8/cccat8_3/src/application/SimulateFreight.ts": {"path":"/Users/rodrigobranas/development/workspace/branas/t8/cccat8_3/src/application/SimulateFreight.ts","statementMap":{"0":{"start":{"line":1,"column":0},"end":{"line":1,"column":67}},"1":{"start":{"line":6,"column":23},"end":{"line":6,"column":53}},"2":{"start":{"line":10,"column":16},"end":{"line":10,"column":17}},"3":{"start":{"line":11,"column":2},"end":{"line":14,"column":null}},"4":{"start":{"line":12,"column":16},"end":{"line":12,"column":67}},"5":{"start":{"line":13,"column":3},"end":{"line":13,"column":69}},"6":{"start":{"line":15,"column":2},"end":{"line":15,"column":17}},"7":{"start":{"line":4,"column":0},"end":{"line":4,"column":21}}},"fnMap":{"0":{"name":"(anonymous_8)","decl":{"start":{"line":6,"column":1},"end":{"line":6,"column":23}},"loc":{"start":{"line":6,"column":53},"end":{"line":7,"column":2}}},"1":{"name":"(anonymous_9)","decl":{"start":{"line":9,"column":7},"end":{"line":9,"column":14}},"loc":{"start":{"line":9,"column":28},"end":{"line":16,"column":null}}}},"branchMap":{},"s":{"0":1,"1":1,"2":1,"3":1,"4":1,"5":1,"6":1,"7":1},"f":{"0":1,"1":1},"b":{}}
,"/Users/rodrigobranas/development/workspace/branas/t8/cccat8_3/src/application/ValidateCoupon.ts": {"path":"/Users/rodrigobranas/development/workspace/branas/t8/cccat8_3/src/application/ValidateCoupon.ts","statementMap":{"0":{"start":{"line":5,"column":23},"end":{"line":5,"column":57}},"1":{"start":{"line":9,"column":17},"end":{"line":9,"column":66}},"2":{"start":{"line":10,"column":2},"end":{"line":10,"column":28}},"3":{"start":{"line":10,"column":15},"end":{"line":10,"column":28}},"4":{"start":{"line":11,"column":2},"end":{"line":11,"column":39}},"5":{"start":{"line":3,"column":0},"end":{"line":3,"column":21}}},"fnMap":{"0":{"name":"(anonymous_7)","decl":{"start":{"line":5,"column":1},"end":{"line":5,"column":23}},"loc":{"start":{"line":5,"column":57},"end":{"line":6,"column":2}}},"1":{"name":"(anonymous_8)","decl":{"start":{"line":8,"column":7},"end":{"line":8,"column":14}},"loc":{"start":{"line":8,"column":28},"end":{"line":12,"column":null}}}},"branchMap":{"0":{"loc":{"start":{"line":10,"column":2},"end":{"line":10,"column":28}},"type":"if","locations":[{"start":{"line":10,"column":2},"end":{"line":10,"column":28}}]}},"s":{"0":1,"1":1,"2":1,"3":0,"4":1,"5":1},"f":{"0":1,"1":1},"b":{"0":[0]}}
,"/Users/rodrigobranas/development/workspace/branas/t8/cccat8_3/src/domain/entity/Coupon.ts": {"path":"/Users/rodrigobranas/development/workspace/branas/t8/cccat8_3/src/domain/entity/Coupon.ts","statementMap":{"0":{"start":{"line":3,"column":23},"end":{"line":3,"column":35}},"1":{"start":{"line":3,"column":46},"end":{"line":3,"column":64}},"2":{"start":{"line":3,"column":75},"end":{"line":3,"column":92}},"3":{"start":{"line":7,"column":2},"end":{"line":7,"column":70}},"4":{"start":{"line":11,"column":2},"end":{"line":11,"column":36}},"5":{"start":{"line":11,"column":27},"end":{"line":11,"column":36}},"6":{"start":{"line":12,"column":2},"end":{"line":12,"column":39}},"7":{"start":{"line":1,"column":0},"end":{"line":1,"column":21}}},"fnMap":{"0":{"name":"(anonymous_0)","decl":{"start":{"line":3,"column":1},"end":{"line":3,"column":23}},"loc":{"start":{"line":3,"column":92},"end":{"line":4,"column":2}}},"1":{"name":"(anonymous_1)","decl":{"start":{"line":6,"column":1},"end":{"line":6,"column":10}},"loc":{"start":{"line":6,"column":34},"end":{"line":8,"column":2}}},"2":{"name":"(anonymous_2)","decl":{"start":{"line":10,"column":1},"end":{"line":10,"column":18}},"loc":{"start":{"line":10,"column":57},"end":{"line":13,"column":2}}}},"branchMap":{"0":{"loc":{"start":{"line":6,"column":12},"end":{"line":6,"column":34}},"type":"default-arg","locations":[{"start":{"line":6,"column":24},"end":{"line":6,"column":34}}]},"1":{"loc":{"start":{"line":7,"column":9},"end":{"line":7,"column":69}},"type":"binary-expr","locations":[{"start":{"line":7,"column":9},"end":{"line":7,"column":24}},{"start":{"line":7,"column":28},"end":{"line":7,"column":69}}]},"2":{"loc":{"start":{"line":10,"column":35},"end":{"line":10,"column":57}},"type":"default-arg","locations":[{"start":{"line":10,"column":47},"end":{"line":10,"column":57}}]},"3":{"loc":{"start":{"line":11,"column":2},"end":{"line":11,"column":36}},"type":"if","locations":[{"start":{"line":11,"column":2},"end":{"line":11,"column":36}}]}},"s":{"0":11,"1":11,"2":11,"3":11,"4":10,"5":3,"6":7,"7":5},"f":{"0":11,"1":11,"2":10},"b":{"0":[0],"1":[11,7],"2":[1],"3":[3]}}
,"/Users/rodrigobranas/development/workspace/branas/t8/cccat8_3/src/domain/entity/Cpf.ts": {"path":"/Users/rodrigobranas/development/workspace/branas/t8/cccat8_3/src/domain/entity/Cpf.ts","statementMap":{"0":{"start":{"line":3,"column":23},"end":{"line":3,"column":36}},"1":{"start":{"line":4,"column":2},"end":{"line":4,"column":61}},"2":{"start":{"line":4,"column":29},"end":{"line":4,"column":61}},"3":{"start":{"line":8,"column":2},"end":{"line":8,"column":25}},"4":{"start":{"line":8,"column":12},"end":{"line":8,"column":25}},"5":{"start":{"line":9,"column":2},"end":{"line":9,"column":27}},"6":{"start":{"line":10,"column":2},"end":{"line":10,"column":45}},"7":{"start":{"line":10,"column":32},"end":{"line":10,"column":45}},"8":{"start":{"line":11,"column":2},"end":{"line":11,"column":48}},"9":{"start":{"line":11,"column":35},"end":{"line":11,"column":48}},"10":{"start":{"line":12,"column":17},"end":{"line":12,"column":45}},"11":{"start":{"line":13,"column":17},"end":{"line":13,"column":45}},"12":{"start":{"line":14,"column":21},"end":{"line":14,"column":43}},"13":{"start":{"line":15,"column":26},"end":{"line":15,"column":46}},"14":{"start":{"line":16,"column":2},"end":{"line":16,"column":39}},"15":{"start":{"line":20,"column":2},"end":{"line":20,"column":32}},"16":{"start":{"line":24,"column":2},"end":{"line":24,"column":27}},"17":{"start":{"line":28,"column":23},"end":{"line":28,"column":26}},"18":{"start":{"line":29,"column":2},"end":{"line":29,"column":null}},"19":{"start":{"line":29,"column":38},"end":{"line":29,"column":58}},"20":{"start":{"line":33,"column":2},"end":{"line":33,"column":22}},"21":{"start":{"line":37,"column":14},"end":{"line":37,"column":15}},"22":{"start":{"line":38,"column":2},"end":{"line":40,"column":null}},"23":{"start":{"line":39,"column":3},"end":{"line":39,"column":55}},"24":{"start":{"line":39,"column":19},"end":{"line":39,"column":55}},"25":{"start":{"line":41,"column":15},"end":{"line":41,"column":23}},"26":{"start":{"line":42,"column":2},"end":{"line":42,"column":36}},"27":{"start":{"line":1,"column":0},"end":{"line":1,"column":21}}},"fnMap":{"0":{"name":"(anonymous_0)","decl":{"start":{"line":3,"column":1},"end":{"line":3,"column":23}},"loc":{"start":{"line":3,"column":36},"end":{"line":5,"column":2}}},"1":{"name":"(anonymous_1)","decl":{"start":{"line":7,"column":9},"end":{"line":7,"column":17}},"loc":{"start":{"line":7,"column":30},"end":{"line":17,"column":2}}},"2":{"name":"(anonymous_2)","decl":{"start":{"line":19,"column":9},"end":{"line":19,"column":17}},"loc":{"start":{"line":19,"column":30},"end":{"line":21,"column":2}}},"3":{"name":"(anonymous_3)","decl":{"start":{"line":23,"column":9},"end":{"line":23,"column":22}},"loc":{"start":{"line":23,"column":35},"end":{"line":25,"column":2}}},"4":{"name":"(anonymous_4)","decl":{"start":{"line":27,"column":9},"end":{"line":27,"column":26}},"loc":{"start":{"line":27,"column":39},"end":{"line":30,"column":2}}},"5":{"name":"(anonymous_5)","decl":{"start":{"line":29,"column":29},"end":{"line":29,"column":34}},"loc":{"start":{"line":29,"column":38},"end":{"line":29,"column":58}}},"6":{"name":"(anonymous_6)","decl":{"start":{"line":32,"column":9},"end":{"line":32,"column":21}},"loc":{"start":{"line":32,"column":34},"end":{"line":34,"column":2}}},"7":{"name":"(anonymous_7)","decl":{"start":{"line":36,"column":9},"end":{"line":36,"column":23}},"loc":{"start":{"line":36,"column":52},"end":{"line":43,"column":2}}}},"branchMap":{"0":{"loc":{"start":{"line":4,"column":2},"end":{"line":4,"column":61}},"type":"if","locations":[{"start":{"line":4,"column":2},"end":{"line":4,"column":61}}]},"1":{"loc":{"start":{"line":8,"column":2},"end":{"line":8,"column":25}},"type":"if","locations":[{"start":{"line":8,"column":2},"end":{"line":8,"column":25}}]},"2":{"loc":{"start":{"line":10,"column":2},"end":{"line":10,"column":45}},"type":"if","locations":[{"start":{"line":10,"column":2},"end":{"line":10,"column":45}}]},"3":{"loc":{"start":{"line":11,"column":2},"end":{"line":11,"column":48}},"type":"if","locations":[{"start":{"line":11,"column":2},"end":{"line":11,"column":48}}]},"4":{"loc":{"start":{"line":39,"column":3},"end":{"line":39,"column":55}},"type":"if","locations":[{"start":{"line":39,"column":3},"end":{"line":39,"column":55}}]},"5":{"loc":{"start":{"line":42,"column":9},"end":{"line":42,"column":35}},"type":"cond-expr","locations":[{"start":{"line":42,"column":22},"end":{"line":42,"column":23}},{"start":{"line":42,"column":26},"end":{"line":42,"column":35}}]}},"s":{"0":27,"1":27,"2":6,"3":27,"4":0,"5":27,"6":27,"7":2,"8":25,"9":4,"10":21,"11":21,"12":21,"13":21,"14":21,"15":27,"16":27,"17":25,"18":25,"19":86,"20":21,"21":42,"22":42,"23":462,"24":399,"25":42,"26":42,"27":4},"f":{"0":27,"1":27,"2":27,"3":27,"4":25,"5":86,"6":21,"7":42},"b":{"0":[6],"1":[0],"2":[2],"3":[4],"4":[399],"5":[2,40]}}
,"/Users/rodrigobranas/development/workspace/branas/t8/cccat8_3/src/domain/entity/Dimension.ts": {"path":"/Users/rodrigobranas/development/workspace/branas/t8/cccat8_3/src/domain/entity/Dimension.ts","statementMap":{"0":{"start":{"line":4,"column":11},"end":{"line":4,"column":24}},"1":{"start":{"line":5,"column":11},"end":{"line":5,"column":25}},"2":{"start":{"line":6,"column":11},"end":{"line":6,"column":25}},"3":{"start":{"line":7,"column":11},"end":{"line":7,"column":25}},"4":{"start":{"line":9,"column":2},"end":{"line":9,"column":100}},"5":{"start":{"line":9,"column":63},"end":{"line":9,"column":100}},"6":{"start":{"line":13,"column":2},"end":{"line":13,"column":66}},"7":{"start":{"line":17,"column":2},"end":{"line":17,"column":38}},"8":{"start":{"line":1,"column":0},"end":{"line":1,"column":21}}},"fnMap":{"0":{"name":"(anonymous_0)","decl":{"start":{"line":3,"column":1},"end":{"line":3,"column":null}},"loc":{"start":{"line":7,"column":25},"end":{"line":10,"column":2}}},"1":{"name":"(anonymous_1)","decl":{"start":{"line":12,"column":1},"end":{"line":12,"column":10}},"loc":{"start":{"line":12,"column":10},"end":{"line":14,"column":2}}},"2":{"name":"(anonymous_2)","decl":{"start":{"line":16,"column":1},"end":{"line":16,"column":11}},"loc":{"start":{"line":16,"column":11},"end":{"line":18,"column":2}}}},"branchMap":{"0":{"loc":{"start":{"line":9,"column":2},"end":{"line":9,"column":100}},"type":"if","locations":[{"start":{"line":9,"column":2},"end":{"line":9,"column":100}}]},"1":{"loc":{"start":{"line":9,"column":6},"end":{"line":9,"column":61}},"type":"binary-expr","locations":[{"start":{"line":9,"column":6},"end":{"line":9,"column":16}},{"start":{"line":9,"column":20},"end":{"line":9,"column":31}},{"start":{"line":9,"column":35},"end":{"line":9,"column":46}},{"start":{"line":9,"column":50},"end":{"line":9,"column":61}}]}},"s":{"0":8,"1":8,"2":8,"3":8,"4":8,"5":1,"6":13,"7":6,"8":5},"f":{"0":8,"1":13,"2":6},"b":{"0":[1],"1":[8,7,7,7]}}
,"/Users/rodrigobranas/development/workspace/branas/t8/cccat8_3/src/domain/entity/FreightCalculator.ts": {"path":"/Users/rodrigobranas/development/workspace/branas/t8/cccat8_3/src/domain/entity/FreightCalculator.ts","statementMap":{"0":{"start":{"line":8,"column":18},"end":{"line":8,"column":84}},"1":{"start":{"line":9,"column":2},"end":{"line":9,"column":73}},"2":{"start":{"line":9,"column":49},"end":{"line":9,"column":73}},"3":{"start":{"line":10,"column":2},"end":{"line":10,"column":17}},"4":{"start":{"line":3,"column":0},"end":{"line":3,"column":21}},"5":{"start":{"line":4,"column":8},"end":{"line":4,"column":25}},"6":{"start":{"line":5,"column":8},"end":{"line":5,"column":32}}},"fnMap":{"0":{"name":"(anonymous_0)","decl":{"start":{"line":7,"column":1},"end":{"line":7,"column":7}},"loc":{"start":{"line":7,"column":29},"end":{"line":11,"column":2}}}},"branchMap":{"0":{"loc":{"start":{"line":9,"column":2},"end":{"line":9,"column":73}},"type":"if","locations":[{"start":{"line":9,"column":2},"end":{"line":9,"column":73}}]},"1":{"loc":{"start":{"line":9,"column":6},"end":{"line":9,"column":47}},"type":"binary-expr","locations":[{"start":{"line":9,"column":6},"end":{"line":9,"column":17}},{"start":{"line":9,"column":21},"end":{"line":9,"column":47}}]}},"s":{"0":41,"1":41,"2":1,"3":40,"4":5,"5":5,"6":5},"f":{"0":41},"b":{"0":[1],"1":[41,6]}}
,"/Users/rodrigobranas/development/workspace/branas/t8/cccat8_3/src/domain/entity/Item.ts": {"path":"/Users/rodrigobranas/development/workspace/branas/t8/cccat8_3/src/domain/entity/Item.ts","statementMap":{"0":{"start":{"line":6,"column":11},"end":{"line":6,"column":25}},"1":{"start":{"line":7,"column":11},"end":{"line":7,"column":30}},"2":{"start":{"line":8,"column":11},"end":{"line":8,"column":24}},"3":{"start":{"line":9,"column":11},"end":{"line":9,"column":32}},"4":{"start":{"line":14,"column":2},"end":{"line":14,"column":32}},"5":{"start":{"line":14,"column":23},"end":{"line":14,"column":32}},"6":{"start":{"line":15,"column":2},"end":{"line":15,"column":36}},"7":{"start":{"line":19,"column":2},"end":{"line":19,"column":32}},"8":{"start":{"line":19,"column":23},"end":{"line":19,"column":32}},"9":{"start":{"line":20,"column":2},"end":{"line":20,"column":37}},"10":{"start":{"line":3,"column":0},"end":{"line":3,"column":21}}},"fnMap":{"0":{"name":"(anonymous_0)","decl":{"start":{"line":5,"column":1},"end":{"line":5,"column":null}},"loc":{"start":{"line":9,"column":32},"end":{"line":11,"column":2}}},"1":{"name":"(anonymous_1)","decl":{"start":{"line":13,"column":1},"end":{"line":13,"column":10}},"loc":{"start":{"line":13,"column":10},"end":{"line":16,"column":2}}},"2":{"name":"(anonymous_2)","decl":{"start":{"line":18,"column":1},"end":{"line":18,"column":11}},"loc":{"start":{"line":18,"column":11},"end":{"line":21,"column":2}}}},"branchMap":{"0":{"loc":{"start":{"line":14,"column":2},"end":{"line":14,"column":32}},"type":"if","locations":[{"start":{"line":14,"column":2},"end":{"line":14,"column":32}}]},"1":{"loc":{"start":{"line":19,"column":2},"end":{"line":19,"column":32}},"type":"if","locations":[{"start":{"line":19,"column":2},"end":{"line":19,"column":32}}]}},"s":{"0":42,"1":42,"2":42,"3":42,"4":41,"5":35,"6":6,"7":41,"8":35,"9":6,"10":5},"f":{"0":42,"1":41,"2":41},"b":{"0":[35],"1":[35]}}
,"/Users/rodrigobranas/development/workspace/branas/t8/cccat8_3/src/domain/entity/Order.ts": {"path":"/Users/rodrigobranas/development/workspace/branas/t8/cccat8_3/src/domain/entity/Order.ts","statementMap":{"0":{"start":{"line":2,"column":0},"end":{"line":2,"column":24}},"1":{"start":{"line":3,"column":0},"end":{"line":3,"column":52}},"2":{"start":{"line":5,"column":0},"end":{"line":5,"column":36}},"3":{"start":{"line":6,"column":0},"end":{"line":6,"column":36}},"4":{"start":{"line":15,"column":36},"end":{"line":15,"column":49}},"5":{"start":{"line":15,"column":70},"end":{"line":15,"column":89}},"6":{"start":{"line":12,"column":1},"end":{"line":12,"column":13}},"7":{"start":{"line":16,"column":2},"end":{"line":16,"column":26}},"8":{"start":{"line":17,"column":2},"end":{"line":17,"column":23}},"9":{"start":{"line":18,"column":2},"end":{"line":18,"column":44}},"10":{"start":{"line":22,"column":2},"end":{"line":22,"column":112}},"11":{"start":{"line":22,"column":42},"end":{"line":22,"column":74}},"12":{"start":{"line":22,"column":77},"end":{"line":22,"column":112}},"13":{"start":{"line":23,"column":2},"end":{"line":23,"column":73}},"14":{"start":{"line":24,"column":2},"end":{"line":24,"column":63}},"15":{"start":{"line":28,"column":2},"end":{"line":28,"column":23}},"16":{"start":{"line":32,"column":2},"end":{"line":32,"column":29}},"17":{"start":{"line":36,"column":14},"end":{"line":39,"column":7}},"18":{"start":{"line":37,"column":3},"end":{"line":37,"column":33}},"19":{"start":{"line":38,"column":3},"end":{"line":38,"column":16}},"20":{"start":{"line":40,"column":2},"end":{"line":42,"column":null}},"21":{"start":{"line":41,"column":3},"end":{"line":41,"column":60}},"22":{"start":{"line":43,"column":2},"end":{"line":43,"column":24}},"23":{"start":{"line":44,"column":2},"end":{"line":44,"column":15}},"24":{"start":{"line":8,"column":0},"end":{"line":8,"column":21}}},"fnMap":{"0":{"name":"(anonymous_1)","decl":{"start":{"line":15,"column":1},"end":{"line":15,"column":14}},"loc":{"start":{"line":15,"column":90},"end":{"line":19,"column":2}}},"1":{"name":"(anonymous_2)","decl":{"start":{"line":21,"column":1},"end":{"line":21,"column":8}},"loc":{"start":{"line":21,"column":38},"end":{"line":25,"column":2}}},"2":{"name":"(anonymous_3)","decl":{"start":{"line":22,"column":27},"end":{"line":22,"column":28}},"loc":{"start":{"line":22,"column":42},"end":{"line":22,"column":74}}},"3":{"name":"(anonymous_4)","decl":{"start":{"line":27,"column":1},"end":{"line":27,"column":10}},"loc":{"start":{"line":27,"column":26},"end":{"line":29,"column":2}}},"4":{"name":"(anonymous_5)","decl":{"start":{"line":31,"column":1},"end":{"line":31,"column":8}},"loc":{"start":{"line":31,"column":8},"end":{"line":33,"column":2}}},"5":{"name":"(anonymous_6)","decl":{"start":{"line":35,"column":1},"end":{"line":35,"column":9}},"loc":{"start":{"line":35,"column":9},"end":{"line":45,"column":2}}},"6":{"name":"(anonymous_7)","decl":{"start":{"line":36,"column":37},"end":{"line":36,"column":38}},"loc":{"start":{"line":36,"column":58},"end":{"line":39,"column":3}}}},"branchMap":{"0":{"loc":{"start":{"line":15,"column":36},"end":{"line":15,"column":59}},"type":"default-arg","locations":[{"start":{"line":15,"column":49},"end":{"line":15,"column":59}}]},"1":{"loc":{"start":{"line":15,"column":70},"end":{"line":15,"column":90}},"type":"default-arg","locations":[{"start":{"line":15,"column":89},"end":{"line":15,"column":90}}]},"2":{"loc":{"start":{"line":22,"column":2},"end":{"line":22,"column":112}},"type":"if","locations":[{"start":{"line":22,"column":2},"end":{"line":22,"column":112}}]},"3":{"loc":{"start":{"line":40,"column":2},"end":{"line":42,"column":null}},"type":"if","locations":[{"start":{"line":40,"column":2},"end":{"line":42,"column":null}}]}},"s":{"0":3,"1":3,"2":3,"3":3,"4":19,"5":19,"6":19,"7":19,"8":18,"9":18,"10":40,"11":34,"12":1,"13":39,"14":38,"15":7,"16":8,"17":15,"18":36,"19":36,"20":15,"21":7,"22":15,"23":15,"24":3},"f":{"0":19,"1":40,"2":34,"3":7,"4":8,"5":15,"6":36},"b":{"0":[12],"1":[11],"2":[1],"3":[7]}}
,"/Users/rodrigobranas/development/workspace/branas/t8/cccat8_3/src/domain/entity/OrderCode.ts": {"path":"/Users/rodrigobranas/development/workspace/branas/t8/cccat8_3/src/domain/entity/OrderCode.ts","statementMap":{"0":{"start":{"line":4,"column":23},"end":{"line":4,"column":33}},"1":{"start":{"line":4,"column":44},"end":{"line":4,"column":60}},"2":{"start":{"line":5,"column":2},"end":{"line":5,"column":45}},"3":{"start":{"line":9,"column":15},"end":{"line":9,"column":33}},"4":{"start":{"line":10,"column":2},"end":{"line":10,"column":59}},"5":{"start":{"line":14,"column":2},"end":{"line":14,"column":20}},"6":{"start":{"line":1,"column":0},"end":{"line":1,"column":21}}},"fnMap":{"0":{"name":"(anonymous_0)","decl":{"start":{"line":4,"column":1},"end":{"line":4,"column":23}},"loc":{"start":{"line":4,"column":60},"end":{"line":6,"column":2}}},"1":{"name":"(anonymous_1)","decl":{"start":{"line":8,"column":9},"end":{"line":8,"column":17}},"loc":{"start":{"line":8,"column":47},"end":{"line":11,"column":2}}},"2":{"name":"(anonymous_2)","decl":{"start":{"line":13,"column":1},"end":{"line":13,"column":8}},"loc":{"start":{"line":13,"column":8},"end":{"line":15,"column":2}}}},"branchMap":{},"s":{"0":19,"1":19,"2":19,"3":19,"4":19,"5":9,"6":4},"f":{"0":19,"1":19,"2":9},"b":{}}
,"/Users/rodrigobranas/development/workspace/branas/t8/cccat8_3/src/domain/entity/OrderItem.ts": {"path":"/Users/rodrigobranas/development/workspace/branas/t8/cccat8_3/src/domain/entity/OrderItem.ts","statementMap":{"0":{"start":{"line":3,"column":23},"end":{"line":3,"column":37}},"1":{"start":{"line":3,"column":48},"end":{"line":3,"column":61}},"2":{"start":{"line":3,"column":72},"end":{"line":3,"column":88}},"3":{"start":{"line":4,"column":2},"end":{"line":4,"column":56}},"4":{"start":{"line":4,"column":20},"end":{"line":4,"column":56}},"5":{"start":{"line":8,"column":2},"end":{"line":8,"column":36}},"6":{"start":{"line":1,"column":0},"end":{"line":1,"column":21}}},"fnMap":{"0":{"name":"(anonymous_0)","decl":{"start":{"line":3,"column":1},"end":{"line":3,"column":23}},"loc":{"start":{"line":3,"column":88},"end":{"line":5,"column":2}}},"1":{"name":"(anonymous_1)","decl":{"start":{"line":7,"column":1},"end":{"line":7,"column":9}},"loc":{"start":{"line":7,"column":9},"end":{"line":9,"column":2}}}},"branchMap":{"0":{"loc":{"start":{"line":4,"column":2},"end":{"line":4,"column":56}},"type":"if","locations":[{"start":{"line":4,"column":2},"end":{"line":4,"column":56}}]}},"s":{"0":41,"1":41,"2":41,"3":41,"4":2,"5":37,"6":4},"f":{"0":41,"1":37},"b":{"0":[2]}}
,"/Users/rodrigobranas/development/workspace/branas/t8/cccat8_3/src/infra/factory/MemoryRepositoryFactory.ts": {"path":"/Users/rodrigobranas/development/workspace/branas/t8/cccat8_3/src/infra/factory/MemoryRepositoryFactory.ts","statementMap":{"0":{"start":{"line":5,"column":0},"end":{"line":5,"column":81}},"1":{"start":{"line":6,"column":0},"end":{"line":6,"column":77}},"2":{"start":{"line":7,"column":0},"end":{"line":7,"column":79}},"3":{"start":{"line":15,"column":2},"end":{"line":17,"column":null}},"4":{"start":{"line":16,"column":3},"end":{"line":16,"column":52}},"5":{"start":{"line":18,"column":2},"end":{"line":18,"column":29}},"6":{"start":{"line":22,"column":2},"end":{"line":24,"column":null}},"7":{"start":{"line":23,"column":3},"end":{"line":23,"column":56}},"8":{"start":{"line":25,"column":2},"end":{"line":25,"column":31}},"9":{"start":{"line":29,"column":2},"end":{"line":31,"column":null}},"10":{"start":{"line":30,"column":3},"end":{"line":30,"column":54}},"11":{"start":{"line":32,"column":2},"end":{"line":32,"column":30}},"12":{"start":{"line":9,"column":0},"end":{"line":9,"column":21}}},"fnMap":{"0":{"name":"(anonymous_1)","decl":{"start":{"line":14,"column":1},"end":{"line":14,"column":21}},"loc":{"start":{"line":14,"column":21},"end":{"line":19,"column":2}}},"1":{"name":"(anonymous_2)","decl":{"start":{"line":21,"column":1},"end":{"line":21,"column":23}},"loc":{"start":{"line":21,"column":23},"end":{"line":26,"column":2}}},"2":{"name":"(anonymous_3)","decl":{"start":{"line":28,"column":1},"end":{"line":28,"column":22}},"loc":{"start":{"line":28,"column":22},"end":{"line":33,"column":2}}}},"branchMap":{"0":{"loc":{"start":{"line":15,"column":2},"end":{"line":17,"column":null}},"type":"if","locations":[{"start":{"line":15,"column":2},"end":{"line":17,"column":null}}]},"1":{"loc":{"start":{"line":22,"column":2},"end":{"line":24,"column":null}},"type":"if","locations":[{"start":{"line":22,"column":2},"end":{"line":24,"column":null}}]},"2":{"loc":{"start":{"line":29,"column":2},"end":{"line":31,"column":null}},"type":"if","locations":[{"start":{"line":29,"column":2},"end":{"line":31,"column":null}}]}},"s":{"0":1,"1":1,"2":1,"3":12,"4":6,"5":12,"6":9,"7":6,"8":9,"9":12,"10":6,"11":12,"12":1},"f":{"0":12,"1":9,"2":12},"b":{"0":[6],"1":[6],"2":[6]}}
,"/Users/rodrigobranas/development/workspace/branas/t8/cccat8_3/src/infra/repository/memory/CouponRepositoryMemory.ts": {"path":"/Users/rodrigobranas/development/workspace/branas/t8/cccat8_3/src/infra/repository/memory/CouponRepositoryMemory.ts","statementMap":{"0":{"start":{"line":8,"column":2},"end":{"line":8,"column":20}},"1":{"start":{"line":12,"column":2},"end":{"line":12,"column":28}},"2":{"start":{"line":16,"column":2},"end":{"line":16,"column":59}},"3":{"start":{"line":16,"column":37},"end":{"line":16,"column":57}},"4":{"start":{"line":4,"column":0},"end":{"line":4,"column":21}}},"fnMap":{"0":{"name":"(anonymous_7)","decl":{"start":{"line":7,"column":1},"end":{"line":7,"column":null}},"loc":{"start":{"line":7,"column":1},"end":{"line":9,"column":2}}},"1":{"name":"(anonymous_8)","decl":{"start":{"line":11,"column":7},"end":{"line":11,"column":11}},"loc":{"start":{"line":11,"column":26},"end":{"line":13,"column":null}}},"2":{"name":"(anonymous_10)","decl":{"start":{"line":15,"column":7},"end":{"line":15,"column":16}},"loc":{"start":{"line":15,"column":29},"end":{"line":17,"column":null}}},"3":{"name":"(anonymous_12)","decl":{"start":{"line":16,"column":27},"end":{"line":16,"column":33}},"loc":{"start":{"line":16,"column":37},"end":{"line":16,"column":57}}}},"branchMap":{},"s":{"0":9,"1":5,"2":5,"3":5,"4":3},"f":{"0":9,"1":5,"2":5,"3":5},"b":{}}
,"/Users/rodrigobranas/development/workspace/branas/t8/cccat8_3/src/infra/repository/memory/ItemRepositoryMemory.ts": {"path":"/Users/rodrigobranas/development/workspace/branas/t8/cccat8_3/src/infra/repository/memory/ItemRepositoryMemory.ts","statementMap":{"0":{"start":{"line":8,"column":2},"end":{"line":8,"column":18}},"1":{"start":{"line":12,"column":15},"end":{"line":12,"column":62}},"2":{"start":{"line":12,"column":39},"end":{"line":12,"column":61}},"3":{"start":{"line":13,"column":2},"end":{"line":13,"column":47}},"4":{"start":{"line":13,"column":13},"end":{"line":13,"column":47}},"5":{"start":{"line":14,"column":2},"end":{"line":14,"column":14}},"6":{"start":{"line":18,"column":2},"end":{"line":18,"column":24}},"7":{"start":{"line":4,"column":0},"end":{"line":4,"column":21}}},"fnMap":{"0":{"name":"(anonymous_7)","decl":{"start":{"line":7,"column":1},"end":{"line":7,"column":null}},"loc":{"start":{"line":7,"column":1},"end":{"line":9,"column":2}}},"1":{"name":"(anonymous_8)","decl":{"start":{"line":11,"column":7},"end":{"line":11,"column":14}},"loc":{"start":{"line":11,"column":29},"end":{"line":15,"column":null}}},"2":{"name":"(anonymous_10)","decl":{"start":{"line":12,"column":31},"end":{"line":12,"column":35}},"loc":{"start":{"line":12,"column":39},"end":{"line":12,"column":61}}},"3":{"name":"(anonymous_11)","decl":{"start":{"line":17,"column":7},"end":{"line":17,"column":11}},"loc":{"start":{"line":17,"column":22},"end":{"line":19,"column":null}}}},"branchMap":{"0":{"loc":{"start":{"line":13,"column":2},"end":{"line":13,"column":47}},"type":"if","locations":[{"start":{"line":13,"column":2},"end":{"line":13,"column":47}}]}},"s":{"0":9,"1":24,"2":45,"3":24,"4":0,"5":24,"6":23,"7":3},"f":{"0":9,"1":24,"2":45,"3":23},"b":{"0":[0]}}
,"/Users/rodrigobranas/development/workspace/branas/t8/cccat8_3/src/infra/repository/memory/OrderRepositoryMemory.ts": {"path":"/Users/rodrigobranas/development/workspace/branas/t8/cccat8_3/src/infra/repository/memory/OrderRepositoryMemory.ts","statementMap":{"0":{"start":{"line":8,"column":2},"end":{"line":8,"column":19}},"1":{"start":{"line":11,"column":2},"end":{"line":11,"column":62}},"2":{"start":{"line":11,"column":37},"end":{"line":11,"column":60}},"3":{"start":{"line":15,"column":2},"end":{"line":15,"column":26}},"4":{"start":{"line":19,"column":2},"end":{"line":19,"column":28}},"5":{"start":{"line":4,"column":0},"end":{"line":4,"column":21}}},"fnMap":{"0":{"name":"(anonymous_7)","decl":{"start":{"line":7,"column":1},"end":{"line":7,"column":null}},"loc":{"start":{"line":7,"column":1},"end":{"line":9,"column":2}}},"1":{"name":"(anonymous_8)","decl":{"start":{"line":10,"column":7},"end":{"line":10,"column":15}},"loc":{"start":{"line":10,"column":27},"end":{"line":12,"column":null}}},"2":{"name":"(anonymous_10)","decl":{"start":{"line":11,"column":28},"end":{"line":11,"column":33}},"loc":{"start":{"line":11,"column":37},"end":{"line":11,"column":60}}},"3":{"name":"(anonymous_11)","decl":{"start":{"line":14,"column":7},"end":{"line":14,"column":11}},"loc":{"start":{"line":14,"column":24},"end":{"line":16,"column":null}}},"4":{"name":"(anonymous_13)","decl":{"start":{"line":18,"column":7},"end":{"line":18,"column":12}},"loc":{"start":{"line":18,"column":12},"end":{"line":20,"column":null}}}},"branchMap":{},"s":{"0":6,"1":6,"2":7,"3":7,"4":7,"5":1},"f":{"0":6,"1":6,"2":7,"3":7,"4":7},"b":{}}
}
