TN:
SF:src/application/Checkout.ts
FN:12,(anonymous_8)
FN:18,(anonymous_9)
FNF:2
FNH:2
FNDA:6,(anonymous_8)
FNDA:7,(anonymous_9)
DA:2,1
DA:7,1
DA:13,6
DA:14,6
DA:15,6
DA:19,7
DA:20,7
DA:21,7
DA:22,17
DA:23,17
DA:25,7
DA:26,3
DA:27,3
DA:29,7
LF:14
LH:14
BRDA:25,0,0,3
BRDA:27,1,0,3
BRF:2
BRH:2
end_of_record
TN:
SF:src/application/GetOrdersByCpf.ts
FN:5,(anonymous_7)
FN:8,(anonymous_8)
FNF:2
FNH:2
FNDA:6,(anonymous_7)
FNDA:6,(anonymous_8)
DA:3,1
DA:5,6
DA:9,6
DA:10,6
DA:11,6
DA:12,7
DA:14,6
LF:7
LH:7
BRF:0
BRH:0
end_of_record
TN:
SF:src/application/Preview.ts
FN:7,(anonymous_8)
FN:10,(anonymous_9)
FNF:2
FNH:2
FNDA:2,(anonymous_8)
FNDA:2,(anonymous_9)
DA:2,1
DA:5,1
DA:7,2
DA:11,2
DA:12,2
DA:13,6
DA:14,6
DA:16,2
DA:17,1
DA:18,1
DA:20,2
DA:21,2
LF:12
LH:12
BRDA:16,0,0,1
BRDA:18,1,0,1
BRF:2
BRH:2
end_of_record
TN:
SF:src/application/SimulateFreight.ts
FN:6,(anonymous_8)
FN:9,(anonymous_9)
FNF:2
FNH:2
FNDA:1,(anonymous_8)
FNDA:1,(anonymous_9)
DA:1,1
DA:4,1
DA:6,1
DA:10,1
DA:11,1
DA:12,1
DA:13,1
DA:15,1
LF:8
LH:8
BRF:0
BRH:0
end_of_record
TN:
SF:src/application/ValidateCoupon.ts
FN:5,(anonymous_7)
FN:8,(anonymous_8)
FNF:2
FNH:2
FNDA:1,(anonymous_7)
FNDA:1,(anonymous_8)
DA:3,1
DA:5,1
DA:9,1
DA:10,1
DA:11,1
LF:5
LH:5
BRDA:10,0,0,0
BRF:1
BRH:0
end_of_record
TN:
SF:src/domain/entity/Coupon.ts
FN:3,(anonymous_0)
FN:6,(anonymous_1)
FN:10,(anonymous_2)
FNF:3
FNH:3
FNDA:11,(anonymous_0)
FNDA:11,(anonymous_1)
FNDA:10,(anonymous_2)
DA:1,5
DA:3,11
DA:7,11
DA:11,10
DA:12,7
LF:5
LH:5
BRDA:6,0,0,0
BRDA:7,1,0,11
BRDA:7,1,1,7
BRDA:10,2,0,1
BRDA:11,3,0,3
BRF:5
BRH:4
end_of_record
TN:
SF:src/domain/entity/Cpf.ts
FN:3,(anonymous_0)
FN:7,(anonymous_1)
FN:19,(anonymous_2)
FN:23,(anonymous_3)
FN:27,(anonymous_4)
FN:29,(anonymous_5)
FN:32,(anonymous_6)
FN:36,(anonymous_7)
FNF:8
FNH:8
FNDA:27,(anonymous_0)
FNDA:27,(anonymous_1)
FNDA:27,(anonymous_2)
FNDA:27,(anonymous_3)
FNDA:25,(anonymous_4)
FNDA:86,(anonymous_5)
FNDA:21,(anonymous_6)
FNDA:42,(anonymous_7)
DA:1,4
DA:3,27
DA:4,27
DA:8,27
DA:9,27
DA:10,27
DA:11,25
DA:12,21
DA:13,21
DA:14,21
DA:15,21
DA:16,21
DA:20,27
DA:24,27
DA:28,25
DA:29,86
DA:33,21
DA:37,42
DA:38,42
DA:39,462
DA:41,42
DA:42,42
LF:22
LH:22
BRDA:4,0,0,6
BRDA:8,1,0,0
BRDA:10,2,0,2
BRDA:11,3,0,4
BRDA:39,4,0,399
BRDA:42,5,0,2
BRDA:42,5,1,40
BRF:7
BRH:6
end_of_record
TN:
SF:src/domain/entity/Dimension.ts
FN:3,(anonymous_0)
FN:12,(anonymous_1)
FN:16,(anonymous_2)
FNF:3
FNH:3
FNDA:8,(anonymous_0)
FNDA:13,(anonymous_1)
FNDA:6,(anonymous_2)
DA:1,5
DA:4,8
DA:5,8
DA:6,8
DA:7,8
DA:9,8
DA:13,13
DA:17,6
LF:8
LH:8
BRDA:9,0,0,1
BRDA:9,1,0,8
BRDA:9,1,1,7
BRDA:9,1,2,7
BRDA:9,1,3,7
BRF:5
BRH:5
end_of_record
TN:
SF:src/domain/entity/FreightCalculator.ts
FN:7,(anonymous_0)
FNF:1
FNH:1
FNDA:41,(anonymous_0)
DA:3,5
DA:4,5
DA:5,5
DA:8,41
DA:9,41
DA:10,40
LF:6
LH:6
BRDA:9,0,0,1
BRDA:9,1,0,41
BRDA:9,1,1,6
BRF:3
BRH:3
end_of_record
TN:
SF:src/domain/entity/Item.ts
FN:5,(anonymous_0)
FN:13,(anonymous_1)
FN:18,(anonymous_2)
FNF:3
FNH:3
FNDA:42,(anonymous_0)
FNDA:41,(anonymous_1)
FNDA:41,(anonymous_2)
DA:3,5
DA:6,42
DA:7,42
DA:8,42
DA:9,42
DA:14,41
DA:15,6
DA:19,41
DA:20,6
LF:9
LH:9
BRDA:14,0,0,35
BRDA:19,1,0,35
BRF:2
BRH:2
end_of_record
TN:
SF:src/domain/entity/Order.ts
FN:15,(anonymous_1)
FN:21,(anonymous_2)
FN:22,(anonymous_3)
FN:27,(anonymous_4)
FN:31,(anonymous_5)
FN:35,(anonymous_6)
FN:36,(anonymous_7)
FNF:7
FNH:7
FNDA:19,(anonymous_1)
FNDA:40,(anonymous_2)
FNDA:34,(anonymous_3)
FNDA:7,(anonymous_4)
FNDA:8,(anonymous_5)
FNDA:15,(anonymous_6)
FNDA:36,(anonymous_7)
DA:2,3
DA:3,3
DA:5,3
DA:6,3
DA:8,3
DA:12,19
DA:15,19
DA:16,19
DA:17,18
DA:18,18
DA:22,40
DA:23,39
DA:24,38
DA:28,7
DA:32,8
DA:36,15
DA:37,36
DA:38,36
DA:40,15
DA:41,7
DA:43,15
DA:44,15
LF:22
LH:22
BRDA:15,0,0,12
BRDA:15,1,0,11
BRDA:22,2,0,1
BRDA:40,3,0,7
BRF:4
BRH:4
end_of_record
TN:
SF:src/domain/entity/OrderCode.ts
FN:4,(anonymous_0)
FN:8,(anonymous_1)
FN:13,(anonymous_2)
FNF:3
FNH:3
FNDA:19,(anonymous_0)
FNDA:19,(anonymous_1)
FNDA:9,(anonymous_2)
DA:1,4
DA:4,19
DA:5,19
DA:9,19
DA:10,19
DA:14,9
LF:6
LH:6
BRF:0
BRH:0
end_of_record
TN:
SF:src/domain/entity/OrderItem.ts
FN:3,(anonymous_0)
FN:7,(anonymous_1)
FNF:2
FNH:2
FNDA:41,(anonymous_0)
FNDA:37,(anonymous_1)
DA:1,4
DA:3,41
DA:4,41
DA:8,37
LF:4
LH:4
BRDA:4,0,0,2
BRF:1
BRH:1
end_of_record
TN:
SF:src/infra/factory/MemoryRepositoryFactory.ts
FN:14,(anonymous_1)
FN:21,(anonymous_2)
FN:28,(anonymous_3)
FNF:3
FNH:3
FNDA:12,(anonymous_1)
FNDA:9,(anonymous_2)
FNDA:12,(anonymous_3)
DA:5,1
DA:6,1
DA:7,1
DA:9,1
DA:15,12
DA:16,6
DA:18,12
DA:22,9
DA:23,6
DA:25,9
DA:29,12
DA:30,6
DA:32,12
LF:13
LH:13
BRDA:15,0,0,6
BRDA:22,1,0,6
BRDA:29,2,0,6
BRF:3
BRH:3
end_of_record
TN:
SF:src/infra/repository/memory/CouponRepositoryMemory.ts
FN:7,(anonymous_7)
FN:11,(anonymous_8)
FN:15,(anonymous_10)
FN:16,(anonymous_12)
FNF:4
FNH:4
FNDA:9,(anonymous_7)
FNDA:5,(anonymous_8)
FNDA:5,(anonymous_10)
FNDA:5,(anonymous_12)
DA:4,3
DA:8,9
DA:12,5
DA:16,5
LF:4
LH:4
BRF:0
BRH:0
end_of_record
TN:
SF:src/infra/repository/memory/ItemRepositoryMemory.ts
FN:7,(anonymous_7)
FN:11,(anonymous_8)
FN:12,(anonymous_10)
FN:17,(anonymous_11)
FNF:4
FNH:4
FNDA:9,(anonymous_7)
FNDA:24,(anonymous_8)
FNDA:45,(anonymous_10)
FNDA:23,(anonymous_11)
DA:4,3
DA:8,9
DA:12,45
DA:13,24
DA:14,24
DA:18,23
LF:6
LH:6
BRDA:13,0,0,0
BRF:1
BRH:0
end_of_record
TN:
SF:src/infra/repository/memory/OrderRepositoryMemory.ts
FN:7,(anonymous_7)
FN:10,(anonymous_8)
FN:11,(anonymous_10)
FN:14,(anonymous_11)
FN:18,(anonymous_13)
FNF:5
FNH:5
FNDA:6,(anonymous_7)
FNDA:6,(anonymous_8)
FNDA:7,(anonymous_10)
FNDA:7,(anonymous_11)
FNDA:7,(anonymous_13)
DA:4,1
DA:8,6
DA:11,7
DA:15,7
DA:19,7
LF:5
LH:5
BRF:0
BRH:0
end_of_record
